<?xml version="1.0" encoding="UTF-8"?>
<!-- Generated by org.testng.reporters.JUnitXMLReporter -->
<testsuite ignored="0" hostname="Bhuvan" failures="0" tests="3" name="Test" time="37.872" errors="0" timestamp="2021-12-30T10:10:59 IST">
  <testcase classname="TestNG.Maven_TestNG_QuickStart.AppTest" name="testEasy" time="33.007"/>
  <testcase classname="goDaddy.MenuLinks2" name="verifyTitle" time="17.577"/>
  <testcase classname="goDaddy.MenuLinks" name="verifyTitle" time="18.161"/>
</testsuite> <!-- Test -->
