<?xml version="1.0" encoding="UTF-8"?>
<testng-results ignored="0" total="1" passed="1" failed="0" skipped="0">
  <reporter-output>
  </reporter-output>
  <suite started-at="2021-12-20T18:57:13 IST" name="Surefire suite" finished-at="2021-12-20T18:57:26 IST" duration-ms="13327">
    <groups>
    </groups>
    <test started-at="2021-12-20T18:57:13 IST" name="Surefire test" finished-at="2021-12-20T18:57:26 IST" duration-ms="13327">
      <class name="TestNG.Maven_TestNG_QuickStart.AppTest">
        <test-method signature="testEasy()" started-at="2021-12-20T18:57:13 IST" name="testEasy" finished-at="2021-12-20T18:57:26 IST" duration-ms="13181" status="PASS">
          <reporter-output>
          </reporter-output>
        </test-method> <!-- testEasy -->
      </class> <!-- TestNG.Maven_TestNG_QuickStart.AppTest -->
    </test> <!-- Surefire test -->
  </suite> <!-- Surefire suite -->
</testng-results>
